# JRE version: Java(TM) SE Runtime Environment (8.0_181-b13) (build 1.8.0_181-b13)
# Java VM: Java HotSpot(TM) 64-Bit Server VM (25.181-b13 mixed mode linux-amd64 compressed oops)
Heap:
 PSYoungGen      total 1023488K, used 50074K [0x000000076e500000, 0x00000007c0000000, 0x00000007c0000000)
  eden space 719872K, 0% used [0x000000076e500000,0x000000076e500000,0x000000079a400000)
  from space 303616K, 16% used [0x00000007ad780000,0x00000007b08669f0,0x00000007c0000000)
  to   space 309248K, 0% used [0x000000079a400000,0x000000079a400000,0x00000007ad200000)
 ParOldGen       total 1514496K, used 1514481K [0x00000006cae00000, 0x0000000727500000, 0x000000076e500000)
  object space 1514496K, 99% used [0x00000006cae00000,0x00000007274fc670,0x0000000727500000)
 Metaspace       used 53804K, capacity 59400K, committed 59736K, reserved 1101824K
  class space    used 6925K, capacity 7310K, committed 7424K, reserved 1048576K
GC Heap History (10 events):
Event: 30.044 GC heap after
Heap after GC invocations=24 (full 5):
 PSYoungGen      total 1033216K, used 195264K [0x000000076e500000, 0x00000007c0000000, 0x00000007c0000000)
  eden space 769536K, 0% used [0x000000076e500000,0x000000076e500000,0x000000079d480000)
  from space 263680K, 74% used [0x000000079d480000,0x00000007a9330000,0x00000007ad600000)
  to   space 281600K, 0% used [0x00000007aed00000,0x00000007aed00000,0x00000007c0000000)
 ParOldGen       total 1009152K, used 874665K [0x00000006cae00000, 0x0000000708780000, 0x000000076e500000)
  object space 1009152K, 86% used [0x00000006cae00000,0x000000070042a528,0x0000000708780000)
 Metaspace       used 53804K, capacity 59400K, committed 59736K, reserved 1101824K
  class space    used 6925K, capacity 7310K, committed 7424K, reserved 1048576K
}
Event: 30.046 GC heap before
{Heap before GC invocations=25 (full 6):
 PSYoungGen      total 1033216K, used 195264K [0x000000076e500000, 0x00000007c0000000, 0x00000007c0000000)
  eden space 769536K, 0% used [0x000000076e500000,0x000000076e500000,0x000000079d480000)
  from space 263680K, 74% used [0x000000079d480000,0x00000007a9330000,0x00000007ad600000)
  to   space 281600K, 0% used [0x00000007aed00000,0x00000007aed00000,0x00000007c0000000)
 ParOldGen       total 1009152K, used 874665K [0x00000006cae00000, 0x0000000708780000, 0x000000076e500000)
  object space 1009152K, 86% used [0x00000006cae00000,0x000000070042a528,0x0000000708780000)
 Metaspace       used 53804K, capacity 59400K, committed 59736K, reserved 1101824K
  class space    used 6925K, capacity 7310K, committed 7424K, reserved 1048576K
Event: 32.089 GC heap after
Heap after GC invocations=25 (full 6):
 PSYoungGen      total 1033216K, used 29632K [0x000000076e500000, 0x00000007c0000000, 0x00000007c0000000)
  eden space 769536K, 0% used [0x000000076e500000,0x000000076e500000,0x000000079d480000)
  from space 263680K, 11% used [0x000000079d480000,0x000000079f1702a8,0x00000007ad600000)
  to   space 281600K, 0% used [0x00000007aed00000,0x00000007aed00000,0x00000007c0000000)
 ParOldGen       total 1514496K, used 1008839K [0x00000006cae00000, 0x0000000727500000, 0x000000076e500000)
  object space 1514496K, 66% used [0x00000006cae00000,0x0000000708731e70,0x0000000727500000)
 Metaspace       used 53804K, capacity 59400K, committed 59736K, reserved 1101824K
  class space    used 6925K, capacity 7310K, committed 7424K, reserved 1048576K
}
Event: 32.685 GC heap before
{Heap before GC invocations=26 (full 6):
 PSYoungGen      total 1033216K, used 799168K [0x000000076e500000, 0x00000007c0000000, 0x00000007c0000000)
  eden space 769536K, 100% used [0x000000076e500000,0x000000079d480000,0x000000079d480000)
  from space 263680K, 11% used [0x000000079d480000,0x000000079f1702a8,0x00000007ad600000)
  to   space 281600K, 0% used [0x00000007aed00000,0x00000007aed00000,0x00000007c0000000)
 ParOldGen       total 1514496K, used 1008839K [0x00000006cae00000, 0x0000000727500000, 0x000000076e500000)
  object space 1514496K, 66% used [0x00000006cae00000,0x0000000708731e70,0x0000000727500000)
 Metaspace       used 53804K, capacity 59400K, committed 59736K, reserved 1101824K
  class space    used 6925K, capacity 7310K, committed 7424K, reserved 1048576K
Event: 33.259 GC heap after
Heap after GC invocations=26 (full 6):
 PSYoungGen      total 1029120K, used 195360K [0x000000076e500000, 0x00000007c0000000, 0x00000007c0000000)
  eden space 747520K, 0% used [0x000000076e500000,0x000000076e500000,0x000000079bf00000)
  from space 281600K, 69% used [0x00000007aed00000,0x00000007babc8000,0x00000007c0000000)
  to   space 295424K, 0% used [0x000000079bf00000,0x000000079bf00000,0x00000007adf80000)
 ParOldGen       total 1514496K, used 1038743K [0x00000006cae00000, 0x0000000727500000, 0x000000076e500000)
  object space 1514496K, 68% used [0x00000006cae00000,0x000000070a465e70,0x0000000727500000)
 Metaspace       used 53804K, capacity 59400K, committed 59736K, reserved 1101824K
  class space    used 6925K, capacity 7310K, committed 7424K, reserved 1048576K
}
Event: 33.878 GC heap before
{Heap before GC invocations=27 (full 6):
 PSYoungGen      total 1029120K, used 942880K [0x000000076e500000, 0x00000007c0000000, 0x00000007c0000000)
  eden space 747520K, 100% used [0x000000076e500000,0x000000079bf00000,0x000000079bf00000)
  from space 281600K, 69% used [0x00000007aed00000,0x00000007babc8000,0x00000007c0000000)
  to   space 295424K, 0% used [0x000000079bf00000,0x000000079bf00000,0x00000007adf80000)
 ParOldGen       total 1514496K, used 1038743K [0x00000006cae00000, 0x0000000727500000, 0x000000076e500000)
  object space 1514496K, 68% used [0x00000006cae00000,0x000000070a465e70,0x0000000727500000)
 Metaspace       used 53804K, capacity 59400K, committed 59736K, reserved 1101824K
  class space    used 6925K, capacity 7310K, committed 7424K, reserved 1048576K
Event: 38.425 GC heap after
Heap after GC invocations=27 (full 6):
 PSYoungGen      total 937472K, used 189792K [0x000000076e500000, 0x00000007c0000000, 0x00000007c0000000)
  eden space 747520K, 0% used [0x000000076e500000,0x000000076e500000,0x000000079bf00000)
  from space 189952K, 99% used [0x000000079bf00000,0x00000007a7858000,0x00000007a7880000)
  to   space 303616K, 0% used [0x00000007ad780000,0x00000007ad780000,0x00000007c0000000)
 ParOldGen       total 1514496K, used 1235007K [0x00000006cae00000, 0x0000000727500000, 0x000000076e500000)
  object space 1514496K, 81% used [0x00000006cae00000,0x000000071640fe70,0x0000000727500000)
 Metaspace       used 53804K, capacity 59400K, committed 59736K, reserved 1101824K
  class space    used 6925K, capacity 7310K, committed 7424K, reserved 1048576K
}
Event: 39.029 GC heap before
{Heap before GC invocations=28 (full 6):
 PSYoungGen      total 937472K, used 937312K [0x000000076e500000, 0x00000007c0000000, 0x00000007c0000000)
  eden space 747520K, 100% used [0x000000076e500000,0x000000079bf00000,0x000000079bf00000)
  from space 189952K, 99% used [0x000000079bf00000,0x00000007a7858000,0x00000007a7880000)
  to   space 303616K, 0% used [0x00000007ad780000,0x00000007ad780000,0x00000007c0000000)
 ParOldGen       total 1514496K, used 1235007K [0x00000006cae00000, 0x0000000727500000, 0x000000076e500000)
  object space 1514496K, 81% used [0x00000006cae00000,0x000000071640fe70,0x0000000727500000)
 Metaspace       used 53804K, capacity 59400K, committed 59736K, reserved 1101824K
  class space    used 6925K, capacity 7310K, committed 7424K, reserved 1048576K
Event: 41.274 GC heap after
Heap after GC invocations=28 (full 6):
 PSYoungGen      total 1023488K, used 189728K [0x000000076e500000, 0x00000007c0000000, 0x00000007c0000000)
  eden space 719872K, 0% used [0x000000076e500000,0x000000076e500000,0x000000079a400000)
  from space 303616K, 62% used [0x00000007ad780000,0x00000007b90c8000,0x00000007c0000000)
  to   space 309248K, 0% used [0x000000079a400000,0x000000079a400000,0x00000007ad200000)
 ParOldGen       total 1514496K, used 1425639K [0x00000006cae00000, 0x0000000727500000, 0x000000076e500000)
  object space 1514496K, 94% used [0x00000006cae00000,0x0000000721e39e70,0x0000000727500000)
 Metaspace       used 53804K, capacity 59400K, committed 59736K, reserved 1101824K
  class space    used 6925K, capacity 7310K, committed 7424K, reserved 1048576K
}
Event: 41.274 GC heap before
{Heap before GC invocations=29 (full 7):
 PSYoungGen      total 1023488K, used 189728K [0x000000076e500000, 0x00000007c0000000, 0x00000007c0000000)
  eden space 719872K, 0% used [0x000000076e500000,0x000000076e500000,0x000000079a400000)
  from space 303616K, 62% used [0x00000007ad780000,0x00000007b90c8000,0x00000007c0000000)
  to   space 309248K, 0% used [0x000000079a400000,0x000000079a400000,0x00000007ad200000)
 ParOldGen       total 1514496K, used 1425639K [0x00000006cae00000, 0x0000000727500000, 0x000000076e500000)
  object space 1514496K, 94% used [0x00000006cae00000,0x0000000721e39e70,0x0000000727500000)
 Metaspace       used 53804K, capacity 59400K, committed 59736K, reserved 1101824K
  class space    used 6925K, capacity 7310K, committed 7424K, reserved 1048576K

